kotlin version: 2.1.20
error message: org.jetbrains.kotlin.util.FileAnalysisException: While analysing /Users/i074917/Documents/destiny_ai_astrology/android_app/app/src/main/java/com/destinyai/astrology/ui/compatibility/CompatibilityViewModel.kt:423:27: java.io.FileNotFoundException: /Users/i074917/Documents/destiny_ai_astrology/android_app/app/build/tmp/kapt3/incrementalData/localDebug/com/destinyai/astrology/data/remote/CompatibilityRequestDto.class (No such file or directory)
	at org.jetbrains.kotlin.util.AnalysisExceptionsKt.wrapIntoFileAnalysisExceptionIfNeeded(AnalysisExceptions.kt:57)
	at org.jetbrains.kotlin.fir.FirCliExceptionHandler.handleExceptionOnFileAnalysis(Utils.kt:251)
	at org.jetbrains.kotlin.fir.resolve.transformers.body.resolve.FirDeclarationsResolveTransformer.transformFile(FirDeclarationsResolveTransformer.kt:1757)
	at org.jetbrains.kotlin.fir.resolve.transformers.body.resolve.FirAbstractBodyResolveTransformerDispatcher.transformFile(FirAbstractBodyResolveTransformerDispatcher.kt:57)
	at org.jetbrains.kotlin.fir.resolve.transformers.body.resolve.FirAbstractBodyResolveTransformerDispatcher.transformFile(FirAbstractBodyResolveTransformerDispatcher.kt:24)
	at org.jetbrains.kotlin.fir.declarations.FirFile.transform(FirFile.kt:46)
	at org.jetbrains.kotlin.fir.resolve.transformers.body.resolve.FirBodyResolveTransformerAdapter.transformFile(FirBodyResolveTransformerAdapters.kt:41)
	at org.jetbrains.kotlin.fir.declarations.FirFile.transform(FirFile.kt:46)
	at org.jetbrains.kotlin.fir.resolve.transformers.FirTransformerBasedResolveProcessor.processFile(FirResolveProcessor.kt:48)
	at org.jetbrains.kotlin.fir.resolve.transformers.FirTotalResolveProcessor.process(FirTotalResolveProcessor.kt:36)
	at org.jetbrains.kotlin.fir.pipeline.AnalyseKt.runResolution(analyse.kt:24)
	at org.jetbrains.kotlin.fir.pipeline.FirUtilsKt.resolveAndCheckFir(firUtils.kt:76)
	at org.jetbrains.kotlin.fir.pipeline.FirUtilsKt.buildResolveAndCheckFirFromKtFiles(firUtils.kt:64)
	at org.jetbrains.kotlin.kapt4.KaptFrontendRunnerKt.compileSourceFilesToAnalyzedFirViaPsi(KaptFrontendRunner.kt:98)
	at org.jetbrains.kotlin.kapt4.KaptFrontendRunnerKt.runFrontendForKapt(KaptFrontendRunner.kt:45)
	at org.jetbrains.kotlin.kapt4.FirKaptAnalysisHandlerExtension.contextForStubGeneration(FirKaptAnalysisHandlerExtension.kt:221)
	at org.jetbrains.kotlin.kapt4.FirKaptAnalysisHandlerExtension.doAnalysis(FirKaptAnalysisHandlerExtension.kt:126)
	at org.jetbrains.kotlin.fir.extensions.FirAnalysisHandlerExtension$Companion.analyze(FirAnalysisHandlerExtension.kt:29)
	at org.jetbrains.kotlin.cli.pipeline.jvm.JvmFrontendPipelinePhase.executePhase(JvmFrontendPipelinePhase.kt:76)
	at org.jetbrains.kotlin.cli.pipeline.jvm.JvmFrontendPipelinePhase.executePhase(JvmFrontendPipelinePhase.kt:56)
	at org.jetbrains.kotlin.cli.pipeline.PipelinePhase.phaseBody(PipelinePhase.kt:68)
	at org.jetbrains.kotlin.cli.pipeline.PipelinePhase.phaseBody(PipelinePhase.kt:58)
	at org.jetbrains.kotlin.config.phaser.SimpleNamedCompilerPhase.phaseBody(CompilerPhase.kt:215)
	at org.jetbrains.kotlin.config.phaser.NamedCompilerPhase.invoke(CompilerPhase.kt:111)
	at org.jetbrains.kotlin.backend.common.phaser.CompositePhase.invoke(PhaseBuilders.kt:28)
	at org.jetbrains.kotlin.config.phaser.CompilerPhaseKt.invokeToplevel(CompilerPhase.kt:62)
	at org.jetbrains.kotlin.cli.pipeline.AbstractCliPipeline.runPhasedPipeline(AbstractCliPipeline.kt:106)
	at org.jetbrains.kotlin.cli.pipeline.AbstractCliPipeline.execute(AbstractCliPipeline.kt:65)
	at org.jetbrains.kotlin.cli.jvm.K2JVMCompiler.doExecutePhased(K2JVMCompiler.kt:61)
	at org.jetbrains.kotlin.cli.jvm.K2JVMCompiler.doExecutePhased(K2JVMCompiler.kt:36)
	at org.jetbrains.kotlin.cli.common.CLICompiler.execImpl(CLICompiler.kt:80)
	at org.jetbrains.kotlin.cli.common.CLICompiler.exec(CLICompiler.kt:337)
	at org.jetbrains.kotlin.incremental.IncrementalJvmCompilerRunner.runCompiler(IncrementalJvmCompilerRunner.kt:466)
	at org.jetbrains.kotlin.incremental.IncrementalJvmCompilerRunner.runCompiler(IncrementalJvmCompilerRunner.kt:75)
	at org.jetbrains.kotlin.incremental.IncrementalCompilerRunner.doCompile(IncrementalCompilerRunner.kt:514)
	at org.jetbrains.kotlin.incremental.IncrementalCompilerRunner.compileImpl(IncrementalCompilerRunner.kt:431)
	at org.jetbrains.kotlin.incremental.IncrementalCompilerRunner.tryCompileIncrementally$lambda$10$compile(IncrementalCompilerRunner.kt:258)
	at org.jetbrains.kotlin.incremental.IncrementalCompilerRunner.tryCompileIncrementally(IncrementalCompilerRunner.kt:276)
	at org.jetbrains.kotlin.incremental.IncrementalCompilerRunner.compile(IncrementalCompilerRunner.kt:128)
	at org.jetbrains.kotlin.daemon.CompileServiceImplBase.execIncrementalCompiler(CompileServiceImpl.kt:678)
	at org.jetbrains.kotlin.daemon.CompileServiceImplBase.access$execIncrementalCompiler(CompileServiceImpl.kt:92)
	at org.jetbrains.kotlin.daemon.CompileServiceImpl.compile(CompileServiceImpl.kt:1805)
	at java.base/jdk.internal.reflect.DirectMethodHandleAccessor.invoke(DirectMethodHandleAccessor.java:103)
	at java.base/java.lang.reflect.Method.invoke(Method.java:580)
	at java.rmi/sun.rmi.server.UnicastServerRef.dispatch(UnicastServerRef.java:360)
	at java.rmi/sun.rmi.transport.Transport$1.run(Transport.java:200)
	at java.rmi/sun.rmi.transport.Transport$1.run(Transport.java:197)
	at java.base/java.security.AccessController.doPrivileged(AccessController.java:714)
	at java.rmi/sun.rmi.transport.Transport.serviceCall(Transport.java:196)
	at java.rmi/sun.rmi.transport.tcp.TCPTransport.handleMessages(TCPTransport.java:598)
	at java.rmi/sun.rmi.transport.tcp.TCPTransport$ConnectionHandler.run0(TCPTransport.java:844)
	at java.rmi/sun.rmi.transport.tcp.TCPTransport$ConnectionHandler.lambda$run$0(TCPTransport.java:721)
	at java.base/java.security.AccessController.doPrivileged(AccessController.java:400)
	at java.rmi/sun.rmi.transport.tcp.TCPTransport$ConnectionHandler.run(TCPTransport.java:720)
	at java.base/java.util.concurrent.ThreadPoolExecutor.runWorker(ThreadPoolExecutor.java:1144)
	at java.base/java.util.concurrent.ThreadPoolExecutor$Worker.run(ThreadPoolExecutor.java:642)
	at java.base/java.lang.Thread.run(Thread.java:1583)
Caused by: java.io.FileNotFoundException: /Users/i074917/Documents/destiny_ai_astrology/android_app/app/build/tmp/kapt3/incrementalData/localDebug/com/destinyai/astrology/data/remote/CompatibilityRequestDto.class (No such file or directory)
	at java.base/java.io.FileInputStream.open0(Native Method)
	at java.base/java.io.FileInputStream.open(FileInputStream.java:213)
	at java.base/java.io.FileInputStream.<init>(FileInputStream.java:152)
	at org.jetbrains.kotlin.com.intellij.openapi.util.io.FileUtil.loadFileBytes(FileUtil.java:211)
	at org.jetbrains.kotlin.cli.common.localfs.KotlinLocalVirtualFile.contentsToByteArray(KotlinLocalVirtualFile.kt:108)
	at org.jetbrains.kotlin.cli.jvm.compiler.KotlinCliJavaFileManagerImpl.findClass(KotlinCliJavaFileManagerImpl.kt:141)
	at org.jetbrains.kotlin.resolve.jvm.KotlinJavaPsiFacade$CliFinder.findClass(KotlinJavaPsiFacade.java:538)
	at org.jetbrains.kotlin.resolve.jvm.KotlinJavaPsiFacade.findClass(KotlinJavaPsiFacade.java:181)
	at org.jetbrains.kotlin.load.java.JavaClassFinderImpl.findClass(JavaClassFinderImpl.kt:46)
	at org.jetbrains.kotlin.fir.java.FirJavaFacade.findClass(FirJavaFacade.kt:69)
	at org.jetbrains.kotlin.fir.java.deserialization.JvmClassFileBasedSymbolProvider.extractClassMetadata(JvmClassFileBasedSymbolProvider.kt:174)
	at org.jetbrains.kotlin.fir.deserialization.AbstractFirDeserializedSymbolProvider.findAndDeserializeClass(AbstractFirDeserializedSymbolProvider.kt:229)
	at org.jetbrains.kotlin.fir.deserialization.AbstractFirDeserializedSymbolProvider.classCache$lambda$5(AbstractFirDeserializedSymbolProvider.kt:163)
	at org.jetbrains.kotlin.fir.caches.FirThreadUnsafeCacheWithPostCompute.getValue(FirThreadUnsafeCachesFactory.kt:75)
	at org.jetbrains.kotlin.fir.deserialization.AbstractFirDeserializedSymbolProvider.getClass(AbstractFirDeserializedSymbolProvider.kt:315)
	at org.jetbrains.kotlin.fir.deserialization.AbstractFirDeserializedSymbolProvider.getClass$default(AbstractFirDeserializedSymbolProvider.kt:298)
	at org.jetbrains.kotlin.fir.deserialization.AbstractFirDeserializedSymbolProvider.getClassLikeSymbolByClassId(AbstractFirDeserializedSymbolProvider.kt:372)
	at org.jetbrains.kotlin.fir.resolve.providers.impl.FirCachingCompositeSymbolProvider.computeClass(FirCachingCompositeSymbolProvider.kt:147)
	at org.jetbrains.kotlin.fir.resolve.providers.impl.FirCachingCompositeSymbolProvider.access$computeClass(FirCachingCompositeSymbolProvider.kt:27)
	at org.jetbrains.kotlin.fir.resolve.providers.impl.FirCachingCompositeSymbolProvider$special$$inlined$createCache$1.invoke(FirCachesFactory.kt:149)
	at org.jetbrains.kotlin.fir.resolve.providers.impl.FirCachingCompositeSymbolProvider$special$$inlined$createCache$1.invoke(FirCachesFactory.kt:147)
	at org.jetbrains.kotlin.fir.caches.FirThreadUnsafeCache.getValue(FirThreadUnsafeCachesFactory.kt:57)
	at org.jetbrains.kotlin.fir.resolve.providers.impl.FirCachingCompositeSymbolProvider.getClassLikeSymbolByClassId(FirCachingCompositeSymbolProvider.kt:174)
	at org.jetbrains.kotlin.fir.scopes.impl.FirAbstractImportingScope.processClassifiersFromImportsByName(FirAbstractImportingScope.kt:53)
	at org.jetbrains.kotlin.fir.scopes.impl.FirAbstractSimpleImportingScope.processClassifiersByNameWithSubstitution(FirAbstractSimpleImportingScope.kt:30)
	at org.jetbrains.kotlin.fir.resolve.calls.ConstructorProcessingKt.getFirstClassifierOrNull(ConstructorProcessing.kt:111)
	at org.jetbrains.kotlin.fir.resolve.calls.ConstructorProcessingKt.processConstructorsByName(ConstructorProcessing.kt:53)
	at org.jetbrains.kotlin.fir.resolve.calls.ConstructorProcessingKt.processFunctionsAndConstructorsByName(ConstructorProcessing.kt:79)
	at org.jetbrains.kotlin.fir.resolve.calls.tower.ScopeBasedTowerLevel.processFunctionsByName(TowerLevels.kt:474)
	at org.jetbrains.kotlin.fir.resolve.calls.tower.TowerLevelHandler.handleLevel(TowerLevelHandler.kt:61)
	at org.jetbrains.kotlin.fir.resolve.calls.tower.FirBaseTowerResolveTask.processLevel(FirTowerResolveTask.kt:206)
	at org.jetbrains.kotlin.fir.resolve.calls.tower.FirBaseTowerResolveTask.access$processLevel(FirTowerResolveTask.kt:63)
	at org.jetbrains.kotlin.fir.resolve.calls.tower.FirBaseTowerResolveTask$processLevel$3.invokeSuspend(FirTowerResolveTask.kt)
	at kotlin.coroutines.jvm.internal.BaseContinuationImpl.resumeWith(ContinuationImpl.kt:33)
	at org.jetbrains.kotlin.fir.resolve.calls.tower.TowerResolveManager.resumeTask(TowerResolveManager.kt:77)
	at org.jetbrains.kotlin.fir.resolve.calls.tower.TowerResolveManager.runTasks(TowerResolveManager.kt:83)
	at org.jetbrains.kotlin.fir.resolve.calls.tower.FirTowerResolver.runResolver(FirTowerResolver.kt:53)
	at org.jetbrains.kotlin.fir.resolve.calls.tower.FirTowerResolver.runResolver$default(FirTowerResolver.kt:42)
	at org.jetbrains.kotlin.fir.resolve.calls.tower.FirTowerResolver.runResolver(FirTowerResolver.kt:39)
	at org.jetbrains.kotlin.fir.resolve.calls.FirCallResolver.collectCandidates(FirCallResolver.kt:209)
	at org.jetbrains.kotlin.fir.resolve.calls.FirCallResolver.collectCandidates$default(FirCallResolver.kt:174)
	at org.jetbrains.kotlin.fir.resolve.calls.FirCallResolver.resolveCallAndSelectCandidate(FirCallResolver.kt:80)
	at org.jetbrains.kotlin.fir.resolve.transformers.body.resolve.FirExpressionsResolveTransformer.transformFunctionCallInternal$resolve(FirExpressionsResolveTransformer.kt:524)
	at org.jetbrains.kotlin.fir.resolve.transformers.body.resolve.FirExpressionsResolveTransformer.transformFunctionCall(FirExpressionsResolveTransformer.kt:453)
	at org.jetbrains.kotlin.fir.resolve.transformers.body.resolve.FirAbstractBodyResolveTransformerDispatcher.transformFunctionCall(FirAbstractBodyResolveTransformerDispatcher.kt:174)
	at org.jetbrains.kotlin.fir.resolve.transformers.body.resolve.FirAbstractBodyResolveTransformerDispatcher.transformFunctionCall(FirAbstractBodyResolveTransformerDispatcher.kt:24)
	at org.jetbrains.kotlin.fir.expressions.FirFunctionCall.transform(FirFunctionCall.kt:45)
	at org.jetbrains.kotlin.fir.declarations.impl.FirPropertyImpl.transformInitializer(FirPropertyImpl.kt:122)
	at org.jetbrains.kotlin.fir.declarations.impl.FirPropertyImpl.transformInitializer(FirPropertyImpl.kt:33)
	at org.jetbrains.kotlin.fir.resolve.transformers.body.resolve.FirDeclarationsResolveTransformer.transformLocalVariable(FirDeclarationsResolveTransformer.kt:613)
	at org.jetbrains.kotlin.fir.resolve.transformers.body.resolve.FirDeclarationsResolveTransformer.transformProperty(FirDeclarationsResolveTransformer.kt:145)
	at org.jetbrains.kotlin.fir.resolve.transformers.body.resolve.FirAbstractBodyResolveTransformerDispatcher.transformProperty(FirAbstractBodyResolveTransformerDispatcher.kt:477)
	at org.jetbrains.kotlin.fir.resolve.transformers.body.resolve.FirAbstractBodyResolveTransformerDispatcher.transformProperty(FirAbstractBodyResolveTransformerDispatcher.kt:24)
	at org.jetbrains.kotlin.fir.declarations.FirProperty.transform(FirProperty.kt:62)
	at org.jetbrains.kotlin.fir.expressions.FirExpressionUtilKt.transformStatementsIndexed(FirExpressionUtil.kt:198)
	at org.jetbrains.kotlin.fir.resolve.transformers.body.resolve.FirExpressionsResolveTransformer.transformBlockInCurrentScope$resolve(FirExpressionsResolveTransformer.kt:685)
	at org.jetbrains.kotlin.fir.resolve.transformers.body.resolve.FirExpressionsResolveTransformer.transformBlock(FirExpressionsResolveTransformer.kt:676)
	at org.jetbrains.kotlin.fir.resolve.transformers.body.resolve.FirAbstractBodyResolveTransformerDispatcher.transformBlock(FirAbstractBodyResolveTransformerDispatcher.kt:201)
	at org.jetbrains.kotlin.fir.resolve.transformers.body.resolve.FirAbstractBodyResolveTransformerDispatcher.transformBlock(FirAbstractBodyResolveTransformerDispatcher.kt:24)
	at org.jetbrains.kotlin.fir.expressions.FirBlock.transform(FirBlock.kt:32)
	at org.jetbrains.kotlin.fir.resolve.transformers.body.resolve.FirPartialBodyResolveTransformer.transformElement(FirPartialBodyResolveTransformer.kt:36)
	at org.jetbrains.kotlin.fir.resolve.transformers.body.resolve.FirPartialBodyResolveTransformer.transformElement(FirPartialBodyResolveTransformer.kt:13)
	at org.jetbrains.kotlin.fir.visitors.FirTransformer.transformBlock(FirTransformer.kt:183)
	at org.jetbrains.kotlin.fir.expressions.FirBlock.transform(FirBlock.kt:32)
	at org.jetbrains.kotlin.fir.declarations.impl.FirAnonymousFunctionImpl.transformBody(FirAnonymousFunctionImpl.kt:130)
	at org.jetbrains.kotlin.fir.declarations.impl.FirAnonymousFunctionImpl.transformBody(FirAnonymousFunctionImpl.kt:33)
	at org.jetbrains.kotlin.fir.resolve.transformers.body.resolve.FirDeclarationsResolveTransformer.transformFunction(FirDeclarationsResolveTransformer.kt:1004)
	at org.jetbrains.kotlin.fir.resolve.transformers.body.resolve.FirDeclarationsResolveTransformer.transformFunction(FirDeclarationsResolveTransformer.kt:982)
	at org.jetbrains.kotlin.fir.resolve.transformers.body.resolve.FirDeclarationsResolveTransformer.transformAnonymousFunctionBody$lambda$83(FirDeclarationsResolveTransformer.kt:1186)
	at org.jetbrains.kotlin.fir.resolve.transformers.body.resolve.BodyResolveContext.withAnonymousFunction(BodyResolveContext.kt:839)
	at org.jetbrains.kotlin.fir.resolve.transformers.body.resolve.FirDeclarationsResolveTransformer.transformAnonymousFunctionBody(FirDeclarationsResolveTransformer.kt:1184)
	at org.jetbrains.kotlin.fir.resolve.transformers.body.resolve.FirDeclarationsResolveTransformer.doTransformAnonymousFunction$resolve(FirDeclarationsResolveTransformer.kt:1161)
	at org.jetbrains.kotlin.fir.resolve.inference.FirCallCompleter$LambdaAnalyzerImpl.analyzeAndGetLambdaReturnArguments$lambda$12$lambda$11(FirCallCompleter.kt:479)
	at org.jetbrains.kotlin.fir.resolve.inference.FirInferenceSession.runLambdaCompletion(FirInferenceSession.kt:33)
	at org.jetbrains.kotlin.fir.resolve.inference.FirCallCompleter$LambdaAnalyzerImpl.analyzeAndGetLambdaReturnArguments(FirCallCompleter.kt:478)
	at org.jetbrains.kotlin.fir.resolve.inference.PostponedArgumentsAnalyzer.analyzeLambda(PostponedArgumentsAnalyzer.kt:195)
	at org.jetbrains.kotlin.fir.resolve.inference.PostponedArgumentsAnalyzer.analyze(PostponedArgumentsAnalyzer.kt:67)
	at org.jetbrains.kotlin.fir.resolve.inference.FirCallCompleter.runCompletionForCall$lambda$4(FirCallCompleter.kt:276)
	at org.jetbrains.kotlin.fir.resolve.inference.ConstraintSystemCompleter.runCompletion$lambda$0(ConstraintSystemCompleter.kt:81)
	at org.jetbrains.kotlin.resolve.calls.inference.components.ConstraintSystemCompletionContext.analyzeArgumentWithFixedParameterTypes(ConstraintSystemCompletionContext.kt:58)
	at org.jetbrains.kotlin.fir.resolve.inference.ConstraintSystemCompleter.runCompletion(ConstraintSystemCompleter.kt:80)
	at org.jetbrains.kotlin.fir.resolve.inference.ConstraintSystemCompleter.complete(ConstraintSystemCompleter.kt:53)
	at org.jetbrains.kotlin.fir.resolve.inference.FirCallCompleter.runCompletionForCall(FirCallCompleter.kt:269)
	at org.jetbrains.kotlin.fir.resolve.inference.FirCallCompleter.completeCall(FirCallCompleter.kt:115)
	at org.jetbrains.kotlin.fir.resolve.transformers.body.resolve.FirExpressionsResolveTransformer.transformFunctionCallInternal$resolve(FirExpressionsResolveTransformer.kt:529)
	at org.jetbrains.kotlin.fir.resolve.transformers.body.resolve.FirExpressionsResolveTransformer.transformFunctionCall(FirExpressionsResolveTransformer.kt:453)
	at org.jetbrains.kotlin.fir.resolve.transformers.body.resolve.FirAbstractBodyResolveTransformerDispatcher.transformFunctionCall(FirAbstractBodyResolveTransformerDispatcher.kt:174)
	at org.jetbrains.kotlin.fir.resolve.transformers.body.resolve.FirAbstractBodyResolveTransformerDispatcher.transformFunctionCall(FirAbstractBodyResolveTransformerDispatcher.kt:24)
	at org.jetbrains.kotlin.fir.expressions.FirFunctionCall.transform(FirFunctionCall.kt:45)
	at org.jetbrains.kotlin.fir.expressions.FirExpressionUtilKt.transformStatementsIndexed(FirExpressionUtil.kt:198)
	at org.jetbrains.kotlin.fir.resolve.transformers.body.resolve.FirExpressionsResolveTransformer.transformBlockInCurrentScope$resolve(FirExpressionsResolveTransformer.kt:685)
	at org.jetbrains.kotlin.fir.resolve.transformers.body.resolve.FirExpressionsResolveTransformer.transformBlock(FirExpressionsResolveTransformer.kt:676)
	at org.jetbrains.kotlin.fir.resolve.transformers.body.resolve.FirAbstractBodyResolveTransformerDispatcher.transformBlock(FirAbstractBodyResolveTransformerDispatcher.kt:201)
	at org.jetbrains.kotlin.fir.resolve.transformers.body.resolve.FirAbstractBodyResolveTransformerDispatcher.transformBlock(FirAbstractBodyResolveTransformerDispatcher.kt:24)
	at org.jetbrains.kotlin.fir.expressions.FirBlock.transform(FirBlock.kt:32)
	at org.jetbrains.kotlin.fir.resolve.transformers.body.resolve.FirPartialBodyResolveTransformer.transformElement(FirPartialBodyResolveTransformer.kt:36)
	at org.jetbrains.kotlin.fir.resolve.transformers.body.resolve.FirPartialBodyResolveTransformer.transformElement(FirPartialBodyResolveTransformer.kt:13)
	at org.jetbrains.kotlin.fir.visitors.FirTransformer.transformBlock(FirTransformer.kt:183)
	at org.jetbrains.kotlin.fir.expressions.FirBlock.transform(FirBlock.kt:32)
	at org.jetbrains.kotlin.fir.declarations.impl.FirSimpleFunctionImpl.transformBody(FirSimpleFunctionImpl.kt:114)
	at org.jetbrains.kotlin.fir.declarations.impl.FirSimpleFunctionImpl.transformBody(FirSimpleFunctionImpl.kt:32)
	at org.jetbrains.kotlin.fir.resolve.transformers.body.resolve.FirDeclarationsResolveTransformer.transformFunction(FirDeclarationsResolveTransformer.kt:1004)
	at org.jetbrains.kotlin.fir.resolve.transformers.body.resolve.FirDeclarationsResolveTransformer.transformFunctionWithGivenSignature(FirDeclarationsResolveTransformer.kt:950)
	at org.jetbrains.kotlin.fir.resolve.transformers.body.resolve.FirDeclarationsResolveTransformer.access$transformFunctionWithGivenSignature(FirDeclarationsResolveTransformer.kt:63)
	at org.jetbrains.kotlin.fir.resolve.transformers.body.resolve.FirDeclarationsResolveTransformer.transformSimpleFunction$lambda$63$lambda$62$lambda$61(FirDeclarationsResolveTransformer.kt:942)
	at org.jetbrains.kotlin.fir.resolve.transformers.body.resolve.BodyResolveContext.forFunctionBody(BodyResolveContext.kt:1320)
	at org.jetbrains.kotlin.fir.resolve.transformers.body.resolve.FirDeclarationsResolveTransformer.transformSimpleFunction(FirDeclarationsResolveTransformer.kt:940)
	at org.jetbrains.kotlin.fir.resolve.transformers.body.resolve.FirAbstractBodyResolveTransformerDispatcher.transformSimpleFunction(FirAbstractBodyResolveTransformerDispatcher.kt:549)
	at org.jetbrains.kotlin.fir.resolve.transformers.body.resolve.FirAbstractBodyResolveTransformerDispatcher.transformSimpleFunction(FirAbstractBodyResolveTransformerDispatcher.kt:24)
	at org.jetbrains.kotlin.fir.declarations.FirSimpleFunction.transform(FirSimpleFunction.kt:55)
	at org.jetbrains.kotlin.fir.visitors.FirTransformerUtilKt.transformInplace(FirTransformerUtil.kt:20)
	at org.jetbrains.kotlin.fir.declarations.impl.FirRegularClassImpl.transformDeclarations(FirRegularClassImpl.kt:91)
	at org.jetbrains.kotlin.fir.declarations.impl.FirRegularClassImpl.transformChildren(FirRegularClassImpl.kt:73)
	at org.jetbrains.kotlin.fir.declarations.impl.FirRegularClassImpl.transformChildren(FirRegularClassImpl.kt:30)
	at org.jetbrains.kotlin.fir.resolve.transformers.body.resolve.FirAbstractBodyResolveTransformerDispatcher.transformElement(FirAbstractBodyResolveTransformerDispatcher.kt:89)
	at org.jetbrains.kotlin.fir.resolve.transformers.body.resolve.FirAbstractBodyResolveTransformerDispatcher.transformDeclarationContent(FirAbstractBodyResolveTransformerDispatcher.kt:441)
	at org.jetbrains.kotlin.fir.resolve.transformers.body.resolve.FirDeclarationsResolveTransformer.transformDeclarationContent(FirDeclarationsResolveTransformer.kt:83)
	at org.jetbrains.kotlin.fir.resolve.transformers.body.resolve.FirDeclarationsResolveTransformer.doTransformRegularClass$lambda$55(FirDeclarationsResolveTransformer.kt:869)
	at org.jetbrains.kotlin.fir.resolve.transformers.body.resolve.FirDeclarationsResolveTransformer.withRegularClass$lambda$56(FirDeclarationsResolveTransformer.kt:878)
	at org.jetbrains.kotlin.fir.resolve.transformers.body.resolve.BodyResolveContext.withRegularClass$lambda$17$lambda$16(BodyResolveContext.kt:1673)
	at org.jetbrains.kotlin.fir.resolve.transformers.body.resolve.BodyResolveContext.withScopesForClass(BodyResolveContext.kt:570)
	at org.jetbrains.kotlin.fir.resolve.transformers.body.resolve.BodyResolveContext.withRegularClass(BodyResolveContext.kt:468)
	at org.jetbrains.kotlin.fir.resolve.transformers.body.resolve.FirDeclarationsResolveTransformer.withRegularClass(FirDeclarationsResolveTransformer.kt:877)
	at org.jetbrains.kotlin.fir.resolve.transformers.body.resolve.FirDeclarationsResolveTransformer.doTransformRegularClass(FirDeclarationsResolveTransformer.kt:868)
	at org.jetbrains.kotlin.fir.resolve.transformers.body.resolve.FirDeclarationsResolveTransformer.transformRegularClass(FirDeclarationsResolveTransformer.kt:769)
	at org.jetbrains.kotlin.fir.resolve.transformers.body.resolve.FirAbstractBodyResolveTransformerDispatcher.transformRegularClass(FirAbstractBodyResolveTransformerDispatcher.kt:522)
	at org.jetbrains.kotlin.fir.resolve.transformers.body.resolve.FirAbstractBodyResolveTransformerDispatcher.transformRegularClass(FirAbstractBodyResolveTransformerDispatcher.kt:24)
	at org.jetbrains.kotlin.fir.declarations.FirRegularClass.transform(FirRegularClass.kt:52)
	at org.jetbrains.kotlin.fir.visitors.FirTransformerUtilKt.transformInplace(FirTransformerUtil.kt:20)
	at org.jetbrains.kotlin.fir.declarations.impl.FirFileImpl.transformDeclarations(FirFileImpl.kt:80)
	at org.jetbrains.kotlin.fir.declarations.impl.FirFileImpl.transformChildren(FirFileImpl.kt:65)
	at org.jetbrains.kotlin.fir.declarations.impl.FirFileImpl.transformChildren(FirFileImpl.kt:29)
	at org.jetbrains.kotlin.fir.resolve.transformers.body.resolve.FirAbstractBodyResolveTransformerDispatcher.transformElement(FirAbstractBodyResolveTransformerDispatcher.kt:89)
	at org.jetbrains.kotlin.fir.resolve.transformers.body.resolve.FirAbstractBodyResolveTransformerDispatcher.transformDeclarationContent(FirAbstractBodyResolveTransformerDispatcher.kt:441)
	at org.jetbrains.kotlin.fir.resolve.transformers.body.resolve.FirDeclarationsResolveTransformer.transformDeclarationContent(FirDeclarationsResolveTransformer.kt:83)
	at org.jetbrains.kotlin.fir.resolve.transformers.body.resolve.FirDeclarationsResolveTransformer.doTransformFile$lambda$53(FirDeclarationsResolveTransformer.kt:841)
	at org.jetbrains.kotlin.fir.resolve.transformers.body.resolve.FirDeclarationsResolveTransformer.withFile(FirDeclarationsResolveTransformer.kt:854)
	at org.jetbrains.kotlin.fir.resolve.transformers.body.resolve.FirDeclarationsResolveTransformer.doTransformFile(FirDeclarationsResolveTransformer.kt:840)
	at org.jetbrains.kotlin.fir.resolve.transformers.body.resolve.FirDeclarationsResolveTransformer.transformFile(FirDeclarationsResolveTransformer.kt:747)
	... 54 more


error message: Daemon compilation failed: null
java.lang.Exception
	at org.jetbrains.kotlin.daemon.common.CompileService$CallResult$Error.get(CompileService.kt:69)
	at org.jetbrains.kotlin.daemon.common.CompileService$CallResult$Error.get(CompileService.kt:65)
	at org.jetbrains.kotlin.compilerRunner.GradleKotlinCompilerWork.compileWithDaemon(GradleKotlinCompilerWork.kt:240)
	at org.jetbrains.kotlin.compilerRunner.GradleKotlinCompilerWork.compileWithDaemonOrFallbackImpl(GradleKotlinCompilerWork.kt:159)
	at org.jetbrains.kotlin.compilerRunner.GradleKotlinCompilerWork.run(GradleKotlinCompilerWork.kt:111)
	at org.jetbrains.kotlin.compilerRunner.GradleCompilerRunnerWithWorkers$GradleKotlinCompilerWorkAction.execute(GradleCompilerRunnerWithWorkers.kt:76)
	at org.gradle.workers.internal.DefaultWorkerServer.execute(DefaultWorkerServer.java:63)
	at org.gradle.workers.internal.NoIsolationWorkerFactory$1$1.create(NoIsolationWorkerFactory.java:66)
	at org.gradle.workers.internal.NoIsolationWorkerFactory$1$1.create(NoIsolationWorkerFactory.java:62)
	at org.gradle.internal.classloader.ClassLoaderUtils.executeInClassloader(ClassLoaderUtils.java:100)
	at org.gradle.workers.internal.NoIsolationWorkerFactory$1.lambda$execute$0(NoIsolationWorkerFactory.java:62)
	at org.gradle.workers.internal.AbstractWorker$1.call(AbstractWorker.java:44)
	at org.gradle.workers.internal.AbstractWorker$1.call(AbstractWorker.java:41)
	at org.gradle.internal.operations.DefaultBuildOperationRunner$CallableBuildOperationWorker.execute(DefaultBuildOperationRunner.java:210)
	at org.gradle.internal.operations.DefaultBuildOperationRunner$CallableBuildOperationWorker.execute(DefaultBuildOperationRunner.java:205)
	at org.gradle.internal.operations.DefaultBuildOperationRunner$2.execute(DefaultBuildOperationRunner.java:67)
	at org.gradle.internal.operations.DefaultBuildOperationRunner$2.execute(DefaultBuildOperationRunner.java:60)
	at org.gradle.internal.operations.DefaultBuildOperationRunner.execute(DefaultBuildOperationRunner.java:167)
	at org.gradle.internal.operations.DefaultBuildOperationRunner.execute(DefaultBuildOperationRunner.java:60)
	at org.gradle.internal.operations.DefaultBuildOperationRunner.call(DefaultBuildOperationRunner.java:54)
	at org.gradle.workers.internal.AbstractWorker.executeWrappedInBuildOperation(AbstractWorker.java:41)
	at org.gradle.workers.internal.NoIsolationWorkerFactory$1.execute(NoIsolationWorkerFactory.java:59)
	at org.gradle.workers.internal.DefaultWorkerExecutor.lambda$submitWork$0(DefaultWorkerExecutor.java:174)
	at java.base/java.util.concurrent.FutureTask.run(FutureTask.java:317)
	at org.gradle.internal.work.DefaultConditionalExecutionQueue$ExecutionRunner.runExecution(DefaultConditionalExecutionQueue.java:194)
	at org.gradle.internal.work.DefaultConditionalExecutionQueue$ExecutionRunner.access$700(DefaultConditionalExecutionQueue.java:127)
	at org.gradle.internal.work.DefaultConditionalExecutionQueue$ExecutionRunner$1.run(DefaultConditionalExecutionQueue.java:169)
	at org.gradle.internal.Factories$1.create(Factories.java:31)
	at org.gradle.internal.work.DefaultWorkerLeaseService.withLocks(DefaultWorkerLeaseService.java:263)
	at org.gradle.internal.work.DefaultWorkerLeaseService.runAsWorkerThread(DefaultWorkerLeaseService.java:127)
	at org.gradle.internal.work.DefaultWorkerLeaseService.runAsWorkerThread(DefaultWorkerLeaseService.java:132)
	at org.gradle.internal.work.DefaultConditionalExecutionQueue$ExecutionRunner.runBatch(DefaultConditionalExecutionQueue.java:164)
	at org.gradle.internal.work.DefaultConditionalExecutionQueue$ExecutionRunner.run(DefaultConditionalExecutionQueue.java:133)
	at java.base/java.util.concurrent.Executors$RunnableAdapter.call(Executors.java:572)
	at java.base/java.util.concurrent.FutureTask.run(FutureTask.java:317)
	at org.gradle.internal.concurrent.ExecutorPolicy$CatchAndRecordFailures.onExecute(ExecutorPolicy.java:64)
	at org.gradle.internal.concurrent.AbstractManagedExecutor$1.run(AbstractManagedExecutor.java:48)
	at java.base/java.util.concurrent.ThreadPoolExecutor.runWorker(ThreadPoolExecutor.java:1144)
	at java.base/java.util.concurrent.ThreadPoolExecutor$Worker.run(ThreadPoolExecutor.java:642)
	at java.base/java.lang.Thread.run(Thread.java:1583)
Caused by: java.nio.file.NoSuchFileException: /var/folders/_5/7kflz09s0sg5ly24_vtkz50c0000gn/T/kotlin-backups14970710015220076372/19.backup -> /Users/i074917/Documents/destiny_ai_astrology/android_app/app/build/tmp/kapt3/incrementalData/localDebug/com/destinyai/astrology/ui/splash/SplashScreenKt.class
	at java.base/sun.nio.fs.UnixException.translateToIOException(UnixException.java:92)
	at java.base/sun.nio.fs.UnixException.rethrowAsIOException(UnixException.java:106)
	at java.base/sun.nio.fs.UnixFileSystem.move(UnixFileSystem.java:939)
	at java.base/sun.nio.fs.UnixFileSystemProvider.move(UnixFileSystemProvider.java:309)
	at java.base/java.nio.file.Files.move(Files.java:1431)
	at org.jetbrains.kotlin.incremental.RecoverableCompilationTransaction.revertChanges(CompilationTransaction.kt:231)
	at org.jetbrains.kotlin.incremental.RecoverableCompilationTransaction.close(CompilationTransaction.kt:256)
	at org.jetbrains.kotlin.incremental.IncrementalCompilerRunner.tryCompileIncrementally(IncrementalCompilerRunner.kt:762)
	at org.jetbrains.kotlin.incremental.IncrementalCompilerRunner.compile(IncrementalCompilerRunner.kt:128)
	at org.jetbrains.kotlin.daemon.CompileServiceImplBase.execIncrementalCompiler(CompileServiceImpl.kt:678)
	at org.jetbrains.kotlin.daemon.CompileServiceImplBase.access$execIncrementalCompiler(CompileServiceImpl.kt:92)
	at org.jetbrains.kotlin.daemon.CompileServiceImpl.compile(CompileServiceImpl.kt:1805)
	at java.base/jdk.internal.reflect.DirectMethodHandleAccessor.invoke(DirectMethodHandleAccessor.java:103)
	at java.base/java.lang.reflect.Method.invoke(Method.java:580)
	at java.rmi/sun.rmi.server.UnicastServerRef.dispatch(UnicastServerRef.java:360)
	at java.rmi/sun.rmi.transport.Transport$1.run(Transport.java:200)
	at java.rmi/sun.rmi.transport.Transport$1.run(Transport.java:197)
	at java.base/java.security.AccessController.doPrivileged(AccessController.java:714)
	at java.rmi/sun.rmi.transport.Transport.serviceCall(Transport.java:196)
	at java.rmi/sun.rmi.transport.tcp.TCPTransport.handleMessages(TCPTransport.java:598)
	at java.rmi/sun.rmi.transport.tcp.TCPTransport$ConnectionHandler.run0(TCPTransport.java:844)
	at java.rmi/sun.rmi.transport.tcp.TCPTransport$ConnectionHandler.lambda$run$0(TCPTransport.java:721)
	at java.base/java.security.AccessController.doPrivileged(AccessController.java:400)
	at java.rmi/sun.rmi.transport.tcp.TCPTransport$ConnectionHandler.run(TCPTransport.java:720)
	... 3 more


